CRITICAL - 2022-02-12 18:33:16 --> Class 'App\Controllers\MenuModel' not found
#0 D:\xampp\htdocs\app_resto_putrich\system\CodeIgniter.php(802): App\Controllers\PesanController->__construct()
#1 D:\xampp\htdocs\app_resto_putrich\system\CodeIgniter.php(403): CodeIgniter\CodeIgniter->createController()
#2 D:\xampp\htdocs\app_resto_putrich\system\CodeIgniter.php(320): CodeIgniter\CodeIgniter->handleRequest(NULL, Object(Config\Cache), false)
#3 D:\xampp\htdocs\app_resto_putrich\public\index.php(37): CodeIgniter\CodeIgniter->run()
#4 D:\xampp\htdocs\app_resto_putrich\system\Commands\Server\rewrite.php(43): require_once('D:\\xampp\\htdocs...')
#5 {main}
CRITICAL - 2022-02-12 18:53:23 --> Class 'App\Controllers\MenuModel' not found
#0 D:\xampp\htdocs\app_resto_putrich\system\CodeIgniter.php(802): App\Controllers\PesanController->__construct()
#1 D:\xampp\htdocs\app_resto_putrich\system\CodeIgniter.php(403): CodeIgniter\CodeIgniter->createController()
#2 D:\xampp\htdocs\app_resto_putrich\system\CodeIgniter.php(320): CodeIgniter\CodeIgniter->handleRequest(NULL, Object(Config\Cache), false)
#3 D:\xampp\htdocs\app_resto_putrich\public\index.php(37): CodeIgniter\CodeIgniter->run()
#4 D:\xampp\htdocs\app_resto_putrich\system\Commands\Server\rewrite.php(43): require_once('D:\\xampp\\htdocs...')
#5 {main}
CRITICAL - 2022-02-12 20:03:23 --> Class 'App\Controllers\MenuModel' not found
#0 D:\xampp\htdocs\app_resto_putrich\system\CodeIgniter.php(802): App\Controllers\PesanController->__construct()
#1 D:\xampp\htdocs\app_resto_putrich\system\CodeIgniter.php(403): CodeIgniter\CodeIgniter->createController()
#2 D:\xampp\htdocs\app_resto_putrich\system\CodeIgniter.php(320): CodeIgniter\CodeIgniter->handleRequest(NULL, Object(Config\Cache), false)
#3 D:\xampp\htdocs\app_resto_putrich\public\index.php(37): CodeIgniter\CodeIgniter->run()
#4 D:\xampp\htdocs\app_resto_putrich\system\Commands\Server\rewrite.php(43): require_once('D:\\xampp\\htdocs...')
#5 {main}
CRITICAL - 2022-02-12 20:05:02 --> Class 'App\Controllers\MenuModel' not found
#0 D:\xampp\htdocs\app_resto_putrich\system\CodeIgniter.php(802): App\Controllers\PesanController->__construct()
#1 D:\xampp\htdocs\app_resto_putrich\system\CodeIgniter.php(403): CodeIgniter\CodeIgniter->createController()
#2 D:\xampp\htdocs\app_resto_putrich\system\CodeIgniter.php(320): CodeIgniter\CodeIgniter->handleRequest(NULL, Object(Config\Cache), false)
#3 D:\xampp\htdocs\app_resto_putrich\public\index.php(37): CodeIgniter\CodeIgniter->run()
#4 D:\xampp\htdocs\app_resto_putrich\system\Commands\Server\rewrite.php(43): require_once('D:\\xampp\\htdocs...')
#5 {main}
