CRITICAL - 2022-03-04 02:06:48 -->  route cannot be found while reverse-routing.
#0 D:\xampp\htdocs\app_mencoba_putrich\system\HTTP\RedirectResponse.php(56): CodeIgniter\HTTP\Exceptions\HTTPException::forInvalidRedirectRoute('')
#1 D:\xampp\htdocs\app_mencoba_putrich\system\Common.php(832): CodeIgniter\HTTP\RedirectResponse->route(false)
#2 D:\xampp\htdocs\app_mencoba_putrich\app\Controllers\UserController.php(89): redirect('/login')
#3 D:\xampp\htdocs\app_mencoba_putrich\system\CodeIgniter.php(825): App\Controllers\UserController->logout()
#4 D:\xampp\htdocs\app_mencoba_putrich\system\CodeIgniter.php(412): CodeIgniter\CodeIgniter->runController(Object(App\Controllers\UserController))
#5 D:\xampp\htdocs\app_mencoba_putrich\system\CodeIgniter.php(320): CodeIgniter\CodeIgniter->handleRequest(NULL, Object(Config\Cache), false)
#6 D:\xampp\htdocs\app_mencoba_putrich\public\index.php(37): CodeIgniter\CodeIgniter->run()
#7 D:\xampp\htdocs\app_mencoba_putrich\system\Commands\Server\rewrite.php(43): require_once('D:\\xampp\\htdocs...')
#8 {main}
CRITICAL - 2022-03-04 02:12:27 -->  route cannot be found while reverse-routing.
#0 D:\xampp\htdocs\app_mencoba_putrich\system\HTTP\RedirectResponse.php(56): CodeIgniter\HTTP\Exceptions\HTTPException::forInvalidRedirectRoute('')
#1 D:\xampp\htdocs\app_mencoba_putrich\system\Common.php(832): CodeIgniter\HTTP\RedirectResponse->route(false)
#2 D:\xampp\htdocs\app_mencoba_putrich\app\Controllers\UserController.php(89): redirect('/login')
#3 D:\xampp\htdocs\app_mencoba_putrich\system\CodeIgniter.php(825): App\Controllers\UserController->logout()
#4 D:\xampp\htdocs\app_mencoba_putrich\system\CodeIgniter.php(412): CodeIgniter\CodeIgniter->runController(Object(App\Controllers\UserController))
#5 D:\xampp\htdocs\app_mencoba_putrich\system\CodeIgniter.php(320): CodeIgniter\CodeIgniter->handleRequest(NULL, Object(Config\Cache), false)
#6 D:\xampp\htdocs\app_mencoba_putrich\public\index.php(37): CodeIgniter\CodeIgniter->run()
#7 D:\xampp\htdocs\app_mencoba_putrich\system\Commands\Server\rewrite.php(43): require_once('D:\\xampp\\htdocs...')
#8 {main}
CRITICAL - 2022-03-04 02:12:33 -->  route cannot be found while reverse-routing.
#0 D:\xampp\htdocs\app_mencoba_putrich\system\HTTP\RedirectResponse.php(56): CodeIgniter\HTTP\Exceptions\HTTPException::forInvalidRedirectRoute('')
#1 D:\xampp\htdocs\app_mencoba_putrich\system\Common.php(832): CodeIgniter\HTTP\RedirectResponse->route(false)
#2 D:\xampp\htdocs\app_mencoba_putrich\app\Controllers\UserController.php(89): redirect('/login')
#3 D:\xampp\htdocs\app_mencoba_putrich\system\CodeIgniter.php(825): App\Controllers\UserController->logout()
#4 D:\xampp\htdocs\app_mencoba_putrich\system\CodeIgniter.php(412): CodeIgniter\CodeIgniter->runController(Object(App\Controllers\UserController))
#5 D:\xampp\htdocs\app_mencoba_putrich\system\CodeIgniter.php(320): CodeIgniter\CodeIgniter->handleRequest(NULL, Object(Config\Cache), false)
#6 D:\xampp\htdocs\app_mencoba_putrich\public\index.php(37): CodeIgniter\CodeIgniter->run()
#7 D:\xampp\htdocs\app_mencoba_putrich\system\Commands\Server\rewrite.php(43): require_once('D:\\xampp\\htdocs...')
#8 {main}
CRITICAL - 2022-03-04 02:42:35 -->  route cannot be found while reverse-routing.
#0 D:\xampp\htdocs\app_mencoba_putrich\system\HTTP\RedirectResponse.php(56): CodeIgniter\HTTP\Exceptions\HTTPException::forInvalidRedirectRoute('')
#1 D:\xampp\htdocs\app_mencoba_putrich\system\Common.php(832): CodeIgniter\HTTP\RedirectResponse->route(false)
#2 D:\xampp\htdocs\app_mencoba_putrich\app\Controllers\UserController.php(89): redirect('/login')
#3 D:\xampp\htdocs\app_mencoba_putrich\system\CodeIgniter.php(825): App\Controllers\UserController->logout()
#4 D:\xampp\htdocs\app_mencoba_putrich\system\CodeIgniter.php(412): CodeIgniter\CodeIgniter->runController(Object(App\Controllers\UserController))
#5 D:\xampp\htdocs\app_mencoba_putrich\system\CodeIgniter.php(320): CodeIgniter\CodeIgniter->handleRequest(NULL, Object(Config\Cache), false)
#6 D:\xampp\htdocs\app_mencoba_putrich\public\index.php(37): CodeIgniter\CodeIgniter->run()
#7 D:\xampp\htdocs\app_mencoba_putrich\system\Commands\Server\rewrite.php(43): require_once('D:\\xampp\\htdocs...')
#8 {main}
CRITICAL - 2022-03-04 02:43:19 -->  route cannot be found while reverse-routing.
#0 D:\xampp\htdocs\app_mencoba_putrich\system\HTTP\RedirectResponse.php(56): CodeIgniter\HTTP\Exceptions\HTTPException::forInvalidRedirectRoute('')
#1 D:\xampp\htdocs\app_mencoba_putrich\system\Common.php(832): CodeIgniter\HTTP\RedirectResponse->route(false)
#2 D:\xampp\htdocs\app_mencoba_putrich\app\Controllers\UserController.php(89): redirect('/login')
#3 D:\xampp\htdocs\app_mencoba_putrich\system\CodeIgniter.php(825): App\Controllers\UserController->logout()
#4 D:\xampp\htdocs\app_mencoba_putrich\system\CodeIgniter.php(412): CodeIgniter\CodeIgniter->runController(Object(App\Controllers\UserController))
#5 D:\xampp\htdocs\app_mencoba_putrich\system\CodeIgniter.php(320): CodeIgniter\CodeIgniter->handleRequest(NULL, Object(Config\Cache), false)
#6 D:\xampp\htdocs\app_mencoba_putrich\public\index.php(37): CodeIgniter\CodeIgniter->run()
#7 D:\xampp\htdocs\app_mencoba_putrich\system\Commands\Server\rewrite.php(43): require_once('D:\\xampp\\htdocs...')
#8 {main}
CRITICAL - 2022-03-04 02:47:33 -->  route cannot be found while reverse-routing.
#0 D:\xampp\htdocs\app_mencoba_putrich\system\HTTP\RedirectResponse.php(56): CodeIgniter\HTTP\Exceptions\HTTPException::forInvalidRedirectRoute('')
#1 D:\xampp\htdocs\app_mencoba_putrich\system\Common.php(832): CodeIgniter\HTTP\RedirectResponse->route(false)
#2 D:\xampp\htdocs\app_mencoba_putrich\app\Controllers\UserController.php(89): redirect('/login')
#3 D:\xampp\htdocs\app_mencoba_putrich\system\CodeIgniter.php(825): App\Controllers\UserController->logout()
#4 D:\xampp\htdocs\app_mencoba_putrich\system\CodeIgniter.php(412): CodeIgniter\CodeIgniter->runController(Object(App\Controllers\UserController))
#5 D:\xampp\htdocs\app_mencoba_putrich\system\CodeIgniter.php(320): CodeIgniter\CodeIgniter->handleRequest(NULL, Object(Config\Cache), false)
#6 D:\xampp\htdocs\app_mencoba_putrich\public\index.php(37): CodeIgniter\CodeIgniter->run()
#7 D:\xampp\htdocs\app_mencoba_putrich\system\Commands\Server\rewrite.php(43): require_once('D:\\xampp\\htdocs...')
#8 {main}
CRITICAL - 2022-03-04 02:47:35 -->  route cannot be found while reverse-routing.
#0 D:\xampp\htdocs\app_mencoba_putrich\system\HTTP\RedirectResponse.php(56): CodeIgniter\HTTP\Exceptions\HTTPException::forInvalidRedirectRoute('')
#1 D:\xampp\htdocs\app_mencoba_putrich\system\Common.php(832): CodeIgniter\HTTP\RedirectResponse->route(false)
#2 D:\xampp\htdocs\app_mencoba_putrich\app\Controllers\UserController.php(89): redirect('/login')
#3 D:\xampp\htdocs\app_mencoba_putrich\system\CodeIgniter.php(825): App\Controllers\UserController->logout()
#4 D:\xampp\htdocs\app_mencoba_putrich\system\CodeIgniter.php(412): CodeIgniter\CodeIgniter->runController(Object(App\Controllers\UserController))
#5 D:\xampp\htdocs\app_mencoba_putrich\system\CodeIgniter.php(320): CodeIgniter\CodeIgniter->handleRequest(NULL, Object(Config\Cache), false)
#6 D:\xampp\htdocs\app_mencoba_putrich\public\index.php(37): CodeIgniter\CodeIgniter->run()
#7 D:\xampp\htdocs\app_mencoba_putrich\system\Commands\Server\rewrite.php(43): require_once('D:\\xampp\\htdocs...')
#8 {main}
CRITICAL - 2022-03-04 02:48:12 -->  route cannot be found while reverse-routing.
#0 D:\xampp\htdocs\app_mencoba_putrich\system\HTTP\RedirectResponse.php(56): CodeIgniter\HTTP\Exceptions\HTTPException::forInvalidRedirectRoute('')
#1 D:\xampp\htdocs\app_mencoba_putrich\system\Common.php(832): CodeIgniter\HTTP\RedirectResponse->route(false)
#2 D:\xampp\htdocs\app_mencoba_putrich\app\Controllers\UserController.php(89): redirect('/login')
#3 D:\xampp\htdocs\app_mencoba_putrich\system\CodeIgniter.php(825): App\Controllers\UserController->logout()
#4 D:\xampp\htdocs\app_mencoba_putrich\system\CodeIgniter.php(412): CodeIgniter\CodeIgniter->runController(Object(App\Controllers\UserController))
#5 D:\xampp\htdocs\app_mencoba_putrich\system\CodeIgniter.php(320): CodeIgniter\CodeIgniter->handleRequest(NULL, Object(Config\Cache), false)
#6 D:\xampp\htdocs\app_mencoba_putrich\public\index.php(37): CodeIgniter\CodeIgniter->run()
#7 D:\xampp\htdocs\app_mencoba_putrich\system\Commands\Server\rewrite.php(43): require_once('D:\\xampp\\htdocs...')
#8 {main}
CRITICAL - 2022-03-04 02:51:23 -->  route cannot be found while reverse-routing.
#0 D:\xampp\htdocs\app_mencoba_putrich\system\HTTP\RedirectResponse.php(56): CodeIgniter\HTTP\Exceptions\HTTPException::forInvalidRedirectRoute('')
#1 D:\xampp\htdocs\app_mencoba_putrich\system\Common.php(832): CodeIgniter\HTTP\RedirectResponse->route(false)
#2 D:\xampp\htdocs\app_mencoba_putrich\app\Controllers\UserController.php(89): redirect('/login')
#3 D:\xampp\htdocs\app_mencoba_putrich\system\CodeIgniter.php(825): App\Controllers\UserController->logout()
#4 D:\xampp\htdocs\app_mencoba_putrich\system\CodeIgniter.php(412): CodeIgniter\CodeIgniter->runController(Object(App\Controllers\UserController))
#5 D:\xampp\htdocs\app_mencoba_putrich\system\CodeIgniter.php(320): CodeIgniter\CodeIgniter->handleRequest(NULL, Object(Config\Cache), false)
#6 D:\xampp\htdocs\app_mencoba_putrich\public\index.php(37): CodeIgniter\CodeIgniter->run()
#7 D:\xampp\htdocs\app_mencoba_putrich\system\Commands\Server\rewrite.php(43): require_once('D:\\xampp\\htdocs...')
#8 {main}
CRITICAL - 2022-03-04 06:35:45 -->  route cannot be found while reverse-routing.
#0 D:\xampp\htdocs\app_mencoba_putrich\system\HTTP\RedirectResponse.php(56): CodeIgniter\HTTP\Exceptions\HTTPException::forInvalidRedirectRoute('')
#1 D:\xampp\htdocs\app_mencoba_putrich\system\Common.php(832): CodeIgniter\HTTP\RedirectResponse->route(false)
#2 D:\xampp\htdocs\app_mencoba_putrich\app\Controllers\UserController.php(89): redirect('/login')
#3 D:\xampp\htdocs\app_mencoba_putrich\system\CodeIgniter.php(825): App\Controllers\UserController->logout()
#4 D:\xampp\htdocs\app_mencoba_putrich\system\CodeIgniter.php(412): CodeIgniter\CodeIgniter->runController(Object(App\Controllers\UserController))
#5 D:\xampp\htdocs\app_mencoba_putrich\system\CodeIgniter.php(320): CodeIgniter\CodeIgniter->handleRequest(NULL, Object(Config\Cache), false)
#6 D:\xampp\htdocs\app_mencoba_putrich\public\index.php(37): CodeIgniter\CodeIgniter->run()
#7 D:\xampp\htdocs\app_mencoba_putrich\system\Commands\Server\rewrite.php(43): require_once('D:\\xampp\\htdocs...')
#8 {main}
CRITICAL - 2022-03-04 22:46:49 --> Undefined variable: data
#0 D:\xampp\htdocs\app_mencoba_putrich\app\Controllers\MenuController.php(60): CodeIgniter\Debug\Exceptions->errorHandler(8, 'Undefined varia...', 'D:\\xampp\\htdocs...', 60, Array)
#1 D:\xampp\htdocs\app_mencoba_putrich\system\CodeIgniter.php(825): App\Controllers\MenuController->delete('3')
#2 D:\xampp\htdocs\app_mencoba_putrich\system\CodeIgniter.php(412): CodeIgniter\CodeIgniter->runController(Object(App\Controllers\MenuController))
#3 D:\xampp\htdocs\app_mencoba_putrich\system\CodeIgniter.php(320): CodeIgniter\CodeIgniter->handleRequest(NULL, Object(Config\Cache), false)
#4 D:\xampp\htdocs\app_mencoba_putrich\public\index.php(37): CodeIgniter\CodeIgniter->run()
#5 D:\xampp\htdocs\app_mencoba_putrich\system\Commands\Server\rewrite.php(43): require_once('D:\\xampp\\htdocs...')
#6 {main}
