CRITICAL - 2022-02-09 20:45:40 --> Undefined index: nama
#0 D:\xampp\htdocs\app_resto_putrich\app\Views\pesan.php(28): CodeIgniter\Debug\Exceptions->errorHandler(8, 'Undefined index...', 'D:\\xampp\\htdocs...', 28, Array)
#1 D:\xampp\htdocs\app_resto_putrich\system\View\View.php(210): include('D:\\xampp\\htdocs...')
#2 D:\xampp\htdocs\app_resto_putrich\system\View\View.php(213): CodeIgniter\View\View->CodeIgniter\View\{closure}()
#3 D:\xampp\htdocs\app_resto_putrich\system\Common.php(1089): CodeIgniter\View\View->render('pesan', Array, true)
#4 D:\xampp\htdocs\app_resto_putrich\app\Controllers\PesanController.php(25): view('pesan', Array)
#5 D:\xampp\htdocs\app_resto_putrich\system\CodeIgniter.php(825): App\Controllers\PesanController->tampil()
#6 D:\xampp\htdocs\app_resto_putrich\system\CodeIgniter.php(412): CodeIgniter\CodeIgniter->runController(Object(App\Controllers\PesanController))
#7 D:\xampp\htdocs\app_resto_putrich\system\CodeIgniter.php(320): CodeIgniter\CodeIgniter->handleRequest(NULL, Object(Config\Cache), false)
#8 D:\xampp\htdocs\app_resto_putrich\public\index.php(37): CodeIgniter\CodeIgniter->run()
#9 D:\xampp\htdocs\app_resto_putrich\system\Commands\Server\rewrite.php(43): require_once('D:\\xampp\\htdocs...')
#10 {main}
CRITICAL - 2022-02-09 20:47:10 --> syntax error, unexpected '{'
#0 D:\xampp\htdocs\app_resto_putrich\system\View\View.php(213): CodeIgniter\View\View->CodeIgniter\View\{closure}()
#1 D:\xampp\htdocs\app_resto_putrich\system\Common.php(1089): CodeIgniter\View\View->render('pesan', Array, true)
#2 D:\xampp\htdocs\app_resto_putrich\app\Controllers\PesanController.php(25): view('pesan', Array)
#3 D:\xampp\htdocs\app_resto_putrich\system\CodeIgniter.php(825): App\Controllers\PesanController->tampil()
#4 D:\xampp\htdocs\app_resto_putrich\system\CodeIgniter.php(412): CodeIgniter\CodeIgniter->runController(Object(App\Controllers\PesanController))
#5 D:\xampp\htdocs\app_resto_putrich\system\CodeIgniter.php(320): CodeIgniter\CodeIgniter->handleRequest(NULL, Object(Config\Cache), false)
#6 D:\xampp\htdocs\app_resto_putrich\public\index.php(37): CodeIgniter\CodeIgniter->run()
#7 D:\xampp\htdocs\app_resto_putrich\system\Commands\Server\rewrite.php(43): require_once('D:\\xampp\\htdocs...')
#8 {main}
CRITICAL - 2022-02-09 20:47:29 --> syntax error, unexpected '->' (T_OBJECT_OPERATOR), expecting '('
#0 D:\xampp\htdocs\app_resto_putrich\system\View\View.php(213): CodeIgniter\View\View->CodeIgniter\View\{closure}()
#1 D:\xampp\htdocs\app_resto_putrich\system\Common.php(1089): CodeIgniter\View\View->render('pesan', Array, true)
#2 D:\xampp\htdocs\app_resto_putrich\app\Controllers\PesanController.php(25): view('pesan', Array)
#3 D:\xampp\htdocs\app_resto_putrich\system\CodeIgniter.php(825): App\Controllers\PesanController->tampil()
#4 D:\xampp\htdocs\app_resto_putrich\system\CodeIgniter.php(412): CodeIgniter\CodeIgniter->runController(Object(App\Controllers\PesanController))
#5 D:\xampp\htdocs\app_resto_putrich\system\CodeIgniter.php(320): CodeIgniter\CodeIgniter->handleRequest(NULL, Object(Config\Cache), false)
#6 D:\xampp\htdocs\app_resto_putrich\public\index.php(37): CodeIgniter\CodeIgniter->run()
#7 D:\xampp\htdocs\app_resto_putrich\system\Commands\Server\rewrite.php(43): require_once('D:\\xampp\\htdocs...')
#8 {main}
CRITICAL - 2022-02-09 20:47:48 --> Undefined index: nama
#0 D:\xampp\htdocs\app_resto_putrich\app\Views\pesan.php(28): CodeIgniter\Debug\Exceptions->errorHandler(8, 'Undefined index...', 'D:\\xampp\\htdocs...', 28, Array)
#1 D:\xampp\htdocs\app_resto_putrich\system\View\View.php(210): include('D:\\xampp\\htdocs...')
#2 D:\xampp\htdocs\app_resto_putrich\system\View\View.php(213): CodeIgniter\View\View->CodeIgniter\View\{closure}()
#3 D:\xampp\htdocs\app_resto_putrich\system\Common.php(1089): CodeIgniter\View\View->render('pesan', Array, true)
#4 D:\xampp\htdocs\app_resto_putrich\app\Controllers\PesanController.php(25): view('pesan', Array)
#5 D:\xampp\htdocs\app_resto_putrich\system\CodeIgniter.php(825): App\Controllers\PesanController->tampil()
#6 D:\xampp\htdocs\app_resto_putrich\system\CodeIgniter.php(412): CodeIgniter\CodeIgniter->runController(Object(App\Controllers\PesanController))
#7 D:\xampp\htdocs\app_resto_putrich\system\CodeIgniter.php(320): CodeIgniter\CodeIgniter->handleRequest(NULL, Object(Config\Cache), false)
#8 D:\xampp\htdocs\app_resto_putrich\public\index.php(37): CodeIgniter\CodeIgniter->run()
#9 D:\xampp\htdocs\app_resto_putrich\system\Commands\Server\rewrite.php(43): require_once('D:\\xampp\\htdocs...')
#10 {main}
CRITICAL - 2022-02-09 20:54:55 --> Undefined index: 
#0 D:\xampp\htdocs\app_resto_putrich\app\Views\pesan.php(28): CodeIgniter\Debug\Exceptions->errorHandler(8, 'Undefined index...', 'D:\\xampp\\htdocs...', 28, Array)
#1 D:\xampp\htdocs\app_resto_putrich\system\View\View.php(210): include('D:\\xampp\\htdocs...')
#2 D:\xampp\htdocs\app_resto_putrich\system\View\View.php(213): CodeIgniter\View\View->CodeIgniter\View\{closure}()
#3 D:\xampp\htdocs\app_resto_putrich\system\Common.php(1089): CodeIgniter\View\View->render('pesan', Array, true)
#4 D:\xampp\htdocs\app_resto_putrich\app\Controllers\PesanController.php(25): view('pesan', Array)
#5 D:\xampp\htdocs\app_resto_putrich\system\CodeIgniter.php(825): App\Controllers\PesanController->tampil()
#6 D:\xampp\htdocs\app_resto_putrich\system\CodeIgniter.php(412): CodeIgniter\CodeIgniter->runController(Object(App\Controllers\PesanController))
#7 D:\xampp\htdocs\app_resto_putrich\system\CodeIgniter.php(320): CodeIgniter\CodeIgniter->handleRequest(NULL, Object(Config\Cache), false)
#8 D:\xampp\htdocs\app_resto_putrich\public\index.php(37): CodeIgniter\CodeIgniter->run()
#9 D:\xampp\htdocs\app_resto_putrich\system\Commands\Server\rewrite.php(43): require_once('D:\\xampp\\htdocs...')
#10 {main}
CRITICAL - 2022-02-09 20:55:17 --> Undefined index: 
#0 D:\xampp\htdocs\app_resto_putrich\app\Views\pesan.php(28): CodeIgniter\Debug\Exceptions->errorHandler(8, 'Undefined index...', 'D:\\xampp\\htdocs...', 28, Array)
#1 D:\xampp\htdocs\app_resto_putrich\system\View\View.php(210): include('D:\\xampp\\htdocs...')
#2 D:\xampp\htdocs\app_resto_putrich\system\View\View.php(213): CodeIgniter\View\View->CodeIgniter\View\{closure}()
#3 D:\xampp\htdocs\app_resto_putrich\system\Common.php(1089): CodeIgniter\View\View->render('pesan', Array, true)
#4 D:\xampp\htdocs\app_resto_putrich\app\Controllers\PesanController.php(25): view('pesan', Array)
#5 D:\xampp\htdocs\app_resto_putrich\system\CodeIgniter.php(825): App\Controllers\PesanController->tampil()
#6 D:\xampp\htdocs\app_resto_putrich\system\CodeIgniter.php(412): CodeIgniter\CodeIgniter->runController(Object(App\Controllers\PesanController))
#7 D:\xampp\htdocs\app_resto_putrich\system\CodeIgniter.php(320): CodeIgniter\CodeIgniter->handleRequest(NULL, Object(Config\Cache), false)
#8 D:\xampp\htdocs\app_resto_putrich\public\index.php(37): CodeIgniter\CodeIgniter->run()
#9 D:\xampp\htdocs\app_resto_putrich\system\Commands\Server\rewrite.php(43): require_once('D:\\xampp\\htdocs...')
#10 {main}
CRITICAL - 2022-02-09 20:55:19 --> Undefined index: 
#0 D:\xampp\htdocs\app_resto_putrich\app\Views\pesan.php(28): CodeIgniter\Debug\Exceptions->errorHandler(8, 'Undefined index...', 'D:\\xampp\\htdocs...', 28, Array)
#1 D:\xampp\htdocs\app_resto_putrich\system\View\View.php(210): include('D:\\xampp\\htdocs...')
#2 D:\xampp\htdocs\app_resto_putrich\system\View\View.php(213): CodeIgniter\View\View->CodeIgniter\View\{closure}()
#3 D:\xampp\htdocs\app_resto_putrich\system\Common.php(1089): CodeIgniter\View\View->render('pesan', Array, true)
#4 D:\xampp\htdocs\app_resto_putrich\app\Controllers\PesanController.php(25): view('pesan', Array)
#5 D:\xampp\htdocs\app_resto_putrich\system\CodeIgniter.php(825): App\Controllers\PesanController->tampil()
#6 D:\xampp\htdocs\app_resto_putrich\system\CodeIgniter.php(412): CodeIgniter\CodeIgniter->runController(Object(App\Controllers\PesanController))
#7 D:\xampp\htdocs\app_resto_putrich\system\CodeIgniter.php(320): CodeIgniter\CodeIgniter->handleRequest(NULL, Object(Config\Cache), false)
#8 D:\xampp\htdocs\app_resto_putrich\public\index.php(37): CodeIgniter\CodeIgniter->run()
#9 D:\xampp\htdocs\app_resto_putrich\system\Commands\Server\rewrite.php(43): require_once('D:\\xampp\\htdocs...')
#10 {main}
CRITICAL - 2022-02-09 20:58:21 --> Undefined index: 
#0 D:\xampp\htdocs\app_resto_putrich\app\Views\pesan.php(28): CodeIgniter\Debug\Exceptions->errorHandler(8, 'Undefined index...', 'D:\\xampp\\htdocs...', 28, Array)
#1 D:\xampp\htdocs\app_resto_putrich\system\View\View.php(210): include('D:\\xampp\\htdocs...')
#2 D:\xampp\htdocs\app_resto_putrich\system\View\View.php(213): CodeIgniter\View\View->CodeIgniter\View\{closure}()
#3 D:\xampp\htdocs\app_resto_putrich\system\Common.php(1089): CodeIgniter\View\View->render('pesan', Array, true)
#4 D:\xampp\htdocs\app_resto_putrich\app\Controllers\PesanController.php(25): view('pesan', Array)
#5 D:\xampp\htdocs\app_resto_putrich\system\CodeIgniter.php(825): App\Controllers\PesanController->tampil()
#6 D:\xampp\htdocs\app_resto_putrich\system\CodeIgniter.php(412): CodeIgniter\CodeIgniter->runController(Object(App\Controllers\PesanController))
#7 D:\xampp\htdocs\app_resto_putrich\system\CodeIgniter.php(320): CodeIgniter\CodeIgniter->handleRequest(NULL, Object(Config\Cache), false)
#8 D:\xampp\htdocs\app_resto_putrich\public\index.php(37): CodeIgniter\CodeIgniter->run()
#9 D:\xampp\htdocs\app_resto_putrich\system\Commands\Server\rewrite.php(43): require_once('D:\\xampp\\htdocs...')
#10 {main}
CRITICAL - 2022-02-09 20:59:16 --> Undefined index: nama
#0 D:\xampp\htdocs\app_resto_putrich\app\Views\pesan.php(27): CodeIgniter\Debug\Exceptions->errorHandler(8, 'Undefined index...', 'D:\\xampp\\htdocs...', 27, Array)
#1 D:\xampp\htdocs\app_resto_putrich\system\View\View.php(210): include('D:\\xampp\\htdocs...')
#2 D:\xampp\htdocs\app_resto_putrich\system\View\View.php(213): CodeIgniter\View\View->CodeIgniter\View\{closure}()
#3 D:\xampp\htdocs\app_resto_putrich\system\Common.php(1089): CodeIgniter\View\View->render('pesan', Array, true)
#4 D:\xampp\htdocs\app_resto_putrich\app\Controllers\PesanController.php(25): view('pesan', Array)
#5 D:\xampp\htdocs\app_resto_putrich\system\CodeIgniter.php(825): App\Controllers\PesanController->tampil()
#6 D:\xampp\htdocs\app_resto_putrich\system\CodeIgniter.php(412): CodeIgniter\CodeIgniter->runController(Object(App\Controllers\PesanController))
#7 D:\xampp\htdocs\app_resto_putrich\system\CodeIgniter.php(320): CodeIgniter\CodeIgniter->handleRequest(NULL, Object(Config\Cache), false)
#8 D:\xampp\htdocs\app_resto_putrich\public\index.php(37): CodeIgniter\CodeIgniter->run()
#9 D:\xampp\htdocs\app_resto_putrich\system\Commands\Server\rewrite.php(43): require_once('D:\\xampp\\htdocs...')
#10 {main}
CRITICAL - 2022-02-09 21:03:40 --> Class 'CodeIngniter\Model' not found
#0 D:\xampp\htdocs\app_resto_putrich\system\Autoloader\Autoloader.php(264): include_once()
#1 D:\xampp\htdocs\app_resto_putrich\system\Autoloader\Autoloader.php(241): CodeIgniter\Autoloader\Autoloader->includeFile('D:\\xampp\\htdocs...')
#2 D:\xampp\htdocs\app_resto_putrich\system\Autoloader\Autoloader.php(219): CodeIgniter\Autoloader\Autoloader->loadInNamespace('App\\Models\\Deta...')
#3 [internal function]: CodeIgniter\Autoloader\Autoloader->loadClass('App\\Models\\Deta...')
#4 D:\xampp\htdocs\app_resto_putrich\app\Controllers\PesanController.php(22): spl_autoload_call('App\\Models\\Deta...')
#5 D:\xampp\htdocs\app_resto_putrich\system\CodeIgniter.php(802): App\Controllers\PesanController->__construct()
#6 D:\xampp\htdocs\app_resto_putrich\system\CodeIgniter.php(403): CodeIgniter\CodeIgniter->createController()
#7 D:\xampp\htdocs\app_resto_putrich\system\CodeIgniter.php(320): CodeIgniter\CodeIgniter->handleRequest(NULL, Object(Config\Cache), false)
#8 D:\xampp\htdocs\app_resto_putrich\public\index.php(37): CodeIgniter\CodeIgniter->run()
#9 D:\xampp\htdocs\app_resto_putrich\system\Commands\Server\rewrite.php(43): require_once('D:\\xampp\\htdocs...')
#10 {main}
CRITICAL - 2022-02-09 21:04:54 --> Class 'CodeIngniter\Model' not found
#0 D:\xampp\htdocs\app_resto_putrich\system\Autoloader\Autoloader.php(264): include_once()
#1 D:\xampp\htdocs\app_resto_putrich\system\Autoloader\Autoloader.php(241): CodeIgniter\Autoloader\Autoloader->includeFile('D:\\xampp\\htdocs...')
#2 D:\xampp\htdocs\app_resto_putrich\system\Autoloader\Autoloader.php(219): CodeIgniter\Autoloader\Autoloader->loadInNamespace('App\\Models\\Deta...')
#3 [internal function]: CodeIgniter\Autoloader\Autoloader->loadClass('App\\Models\\Deta...')
#4 D:\xampp\htdocs\app_resto_putrich\app\Controllers\PesanController.php(22): spl_autoload_call('App\\Models\\Deta...')
#5 D:\xampp\htdocs\app_resto_putrich\system\CodeIgniter.php(802): App\Controllers\PesanController->__construct()
#6 D:\xampp\htdocs\app_resto_putrich\system\CodeIgniter.php(403): CodeIgniter\CodeIgniter->createController()
#7 D:\xampp\htdocs\app_resto_putrich\system\CodeIgniter.php(320): CodeIgniter\CodeIgniter->handleRequest(NULL, Object(Config\Cache), false)
#8 D:\xampp\htdocs\app_resto_putrich\public\index.php(37): CodeIgniter\CodeIgniter->run()
#9 D:\xampp\htdocs\app_resto_putrich\system\Commands\Server\rewrite.php(43): require_once('D:\\xampp\\htdocs...')
#10 {main}
CRITICAL - 2022-02-09 21:07:14 --> Undefined index: nama
#0 D:\xampp\htdocs\app_resto_putrich\app\Views\pesan.php(27): CodeIgniter\Debug\Exceptions->errorHandler(8, 'Undefined index...', 'D:\\xampp\\htdocs...', 27, Array)
#1 D:\xampp\htdocs\app_resto_putrich\system\View\View.php(210): include('D:\\xampp\\htdocs...')
#2 D:\xampp\htdocs\app_resto_putrich\system\View\View.php(213): CodeIgniter\View\View->CodeIgniter\View\{closure}()
#3 D:\xampp\htdocs\app_resto_putrich\system\Common.php(1089): CodeIgniter\View\View->render('pesan', Array, true)
#4 D:\xampp\htdocs\app_resto_putrich\app\Controllers\PesanController.php(29): view('pesan', Array)
#5 D:\xampp\htdocs\app_resto_putrich\system\CodeIgniter.php(825): App\Controllers\PesanController->tampil()
#6 D:\xampp\htdocs\app_resto_putrich\system\CodeIgniter.php(412): CodeIgniter\CodeIgniter->runController(Object(App\Controllers\PesanController))
#7 D:\xampp\htdocs\app_resto_putrich\system\CodeIgniter.php(320): CodeIgniter\CodeIgniter->handleRequest(NULL, Object(Config\Cache), false)
#8 D:\xampp\htdocs\app_resto_putrich\public\index.php(37): CodeIgniter\CodeIgniter->run()
#9 D:\xampp\htdocs\app_resto_putrich\system\Commands\Server\rewrite.php(43): require_once('D:\\xampp\\htdocs...')
#10 {main}
CRITICAL - 2022-02-09 21:08:01 --> Undefined index: menu
#0 D:\xampp\htdocs\app_resto_putrich\app\Views\pesan.php(27): CodeIgniter\Debug\Exceptions->errorHandler(8, 'Undefined index...', 'D:\\xampp\\htdocs...', 27, Array)
#1 D:\xampp\htdocs\app_resto_putrich\system\View\View.php(210): include('D:\\xampp\\htdocs...')
#2 D:\xampp\htdocs\app_resto_putrich\system\View\View.php(213): CodeIgniter\View\View->CodeIgniter\View\{closure}()
#3 D:\xampp\htdocs\app_resto_putrich\system\Common.php(1089): CodeIgniter\View\View->render('pesan', Array, true)
#4 D:\xampp\htdocs\app_resto_putrich\app\Controllers\PesanController.php(29): view('pesan', Array)
#5 D:\xampp\htdocs\app_resto_putrich\system\CodeIgniter.php(825): App\Controllers\PesanController->tampil()
#6 D:\xampp\htdocs\app_resto_putrich\system\CodeIgniter.php(412): CodeIgniter\CodeIgniter->runController(Object(App\Controllers\PesanController))
#7 D:\xampp\htdocs\app_resto_putrich\system\CodeIgniter.php(320): CodeIgniter\CodeIgniter->handleRequest(NULL, Object(Config\Cache), false)
#8 D:\xampp\htdocs\app_resto_putrich\public\index.php(37): CodeIgniter\CodeIgniter->run()
#9 D:\xampp\htdocs\app_resto_putrich\system\Commands\Server\rewrite.php(43): require_once('D:\\xampp\\htdocs...')
#10 {main}
CRITICAL - 2022-02-09 21:30:24 --> Undefined index: nama
#0 D:\xampp\htdocs\app_resto_putrich\app\Views\pesan.php(27): CodeIgniter\Debug\Exceptions->errorHandler(8, 'Undefined index...', 'D:\\xampp\\htdocs...', 27, Array)
#1 D:\xampp\htdocs\app_resto_putrich\system\View\View.php(210): include('D:\\xampp\\htdocs...')
#2 D:\xampp\htdocs\app_resto_putrich\system\View\View.php(213): CodeIgniter\View\View->CodeIgniter\View\{closure}()
#3 D:\xampp\htdocs\app_resto_putrich\system\Common.php(1089): CodeIgniter\View\View->render('pesan', Array, true)
#4 D:\xampp\htdocs\app_resto_putrich\app\Controllers\PesanController.php(29): view('pesan', Array)
#5 D:\xampp\htdocs\app_resto_putrich\system\CodeIgniter.php(825): App\Controllers\PesanController->tampil()
#6 D:\xampp\htdocs\app_resto_putrich\system\CodeIgniter.php(412): CodeIgniter\CodeIgniter->runController(Object(App\Controllers\PesanController))
#7 D:\xampp\htdocs\app_resto_putrich\system\CodeIgniter.php(320): CodeIgniter\CodeIgniter->handleRequest(NULL, Object(Config\Cache), false)
#8 D:\xampp\htdocs\app_resto_putrich\public\index.php(37): CodeIgniter\CodeIgniter->run()
#9 D:\xampp\htdocs\app_resto_putrich\system\Commands\Server\rewrite.php(43): require_once('D:\\xampp\\htdocs...')
#10 {main}
CRITICAL - 2022-02-09 21:30:29 --> Undefined index: nama
#0 D:\xampp\htdocs\app_resto_putrich\app\Views\pesan.php(27): CodeIgniter\Debug\Exceptions->errorHandler(8, 'Undefined index...', 'D:\\xampp\\htdocs...', 27, Array)
#1 D:\xampp\htdocs\app_resto_putrich\system\View\View.php(210): include('D:\\xampp\\htdocs...')
#2 D:\xampp\htdocs\app_resto_putrich\system\View\View.php(213): CodeIgniter\View\View->CodeIgniter\View\{closure}()
#3 D:\xampp\htdocs\app_resto_putrich\system\Common.php(1089): CodeIgniter\View\View->render('pesan', Array, true)
#4 D:\xampp\htdocs\app_resto_putrich\app\Controllers\PesanController.php(29): view('pesan', Array)
#5 D:\xampp\htdocs\app_resto_putrich\system\CodeIgniter.php(825): App\Controllers\PesanController->tampil()
#6 D:\xampp\htdocs\app_resto_putrich\system\CodeIgniter.php(412): CodeIgniter\CodeIgniter->runController(Object(App\Controllers\PesanController))
#7 D:\xampp\htdocs\app_resto_putrich\system\CodeIgniter.php(320): CodeIgniter\CodeIgniter->handleRequest(NULL, Object(Config\Cache), false)
#8 D:\xampp\htdocs\app_resto_putrich\public\index.php(37): CodeIgniter\CodeIgniter->run()
#9 D:\xampp\htdocs\app_resto_putrich\system\Commands\Server\rewrite.php(43): require_once('D:\\xampp\\htdocs...')
#10 {main}
CRITICAL - 2022-02-09 21:44:22 --> Undefined index: nama
#0 D:\xampp\htdocs\app_resto_putrich\app\Views\pesan.php(27): CodeIgniter\Debug\Exceptions->errorHandler(8, 'Undefined index...', 'D:\\xampp\\htdocs...', 27, Array)
#1 D:\xampp\htdocs\app_resto_putrich\system\View\View.php(210): include('D:\\xampp\\htdocs...')
#2 D:\xampp\htdocs\app_resto_putrich\system\View\View.php(213): CodeIgniter\View\View->CodeIgniter\View\{closure}()
#3 D:\xampp\htdocs\app_resto_putrich\system\Common.php(1089): CodeIgniter\View\View->render('pesan', Array, true)
#4 D:\xampp\htdocs\app_resto_putrich\app\Controllers\PesanController.php(29): view('pesan', Array)
#5 D:\xampp\htdocs\app_resto_putrich\system\CodeIgniter.php(825): App\Controllers\PesanController->tampil()
#6 D:\xampp\htdocs\app_resto_putrich\system\CodeIgniter.php(412): CodeIgniter\CodeIgniter->runController(Object(App\Controllers\PesanController))
#7 D:\xampp\htdocs\app_resto_putrich\system\CodeIgniter.php(320): CodeIgniter\CodeIgniter->handleRequest(NULL, Object(Config\Cache), false)
#8 D:\xampp\htdocs\app_resto_putrich\public\index.php(37): CodeIgniter\CodeIgniter->run()
#9 D:\xampp\htdocs\app_resto_putrich\system\Commands\Server\rewrite.php(43): require_once('D:\\xampp\\htdocs...')
#10 {main}
CRITICAL - 2022-02-09 22:24:46 --> syntax error, unexpected '$this' (T_VARIABLE), expecting '('
#0 D:\xampp\htdocs\app_resto_putrich\system\Autoloader\Autoloader.php(241): CodeIgniter\Autoloader\Autoloader->includeFile('D:\\xampp\\htdocs...')
#1 D:\xampp\htdocs\app_resto_putrich\system\Autoloader\Autoloader.php(219): CodeIgniter\Autoloader\Autoloader->loadInNamespace('App\\Controllers...')
#2 [internal function]: CodeIgniter\Autoloader\Autoloader->loadClass('App\\Controllers...')
#3 [internal function]: spl_autoload_call('App\\Controllers...')
#4 D:\xampp\htdocs\app_resto_putrich\system\CodeIgniter.php(790): class_exists('\\App\\Controller...', true)
#5 D:\xampp\htdocs\app_resto_putrich\system\CodeIgniter.php(399): CodeIgniter\CodeIgniter->startController()
#6 D:\xampp\htdocs\app_resto_putrich\system\CodeIgniter.php(320): CodeIgniter\CodeIgniter->handleRequest(NULL, Object(Config\Cache), false)
#7 D:\xampp\htdocs\app_resto_putrich\public\index.php(37): CodeIgniter\CodeIgniter->run()
#8 D:\xampp\htdocs\app_resto_putrich\system\Commands\Server\rewrite.php(43): require_once('D:\\xampp\\htdocs...')
#9 {main}
