ERROR - 2022-02-20 18:30:54 --> Error connecting to the database: No connection could be made because the target machine actively refused it.

CRITICAL - 2022-02-20 18:30:54 --> Unable to connect to the database.
Main connection [MySQLi]: No connection could be made because the target machine actively refused it.

#0 D:\xampp\htdocs\app_resto_putrich\system\Database\BaseConnection.php(577): CodeIgniter\Database\BaseConnection->initialize()
#1 D:\xampp\htdocs\app_resto_putrich\system\Database\BaseBuilder.php(1455): CodeIgniter\Database\BaseConnection->query('SELECT *\nFROM `...', Array, false)
#2 D:\xampp\htdocs\app_resto_putrich\system\Model.php(183): CodeIgniter\Database\BaseBuilder->get()
#3 D:\xampp\htdocs\app_resto_putrich\system\BaseModel.php(584): CodeIgniter\Model->doFindAll(0, 0)
#4 D:\xampp\htdocs\app_resto_putrich\app\Controllers\MenuController.php(24): CodeIgniter\BaseModel->findAll()
#5 D:\xampp\htdocs\app_resto_putrich\system\CodeIgniter.php(825): App\Controllers\MenuController->tampil()
#6 D:\xampp\htdocs\app_resto_putrich\system\CodeIgniter.php(412): CodeIgniter\CodeIgniter->runController(Object(App\Controllers\MenuController))
#7 D:\xampp\htdocs\app_resto_putrich\system\CodeIgniter.php(320): CodeIgniter\CodeIgniter->handleRequest(NULL, Object(Config\Cache), false)
#8 D:\xampp\htdocs\app_resto_putrich\public\index.php(37): CodeIgniter\CodeIgniter->run()
#9 D:\xampp\htdocs\app_resto_putrich\system\Commands\Server\rewrite.php(43): require_once('D:\\xampp\\htdocs...')
#10 {main}
ERROR - 2022-02-20 18:34:34 --> Error connecting to the database: No connection could be made because the target machine actively refused it.

CRITICAL - 2022-02-20 18:34:34 --> Unable to connect to the database.
Main connection [MySQLi]: No connection could be made because the target machine actively refused it.

#0 D:\xampp\htdocs\app_resto_putrich\system\Database\BaseConnection.php(577): CodeIgniter\Database\BaseConnection->initialize()
#1 D:\xampp\htdocs\app_resto_putrich\system\Database\BaseBuilder.php(1455): CodeIgniter\Database\BaseConnection->query('SELECT *\nFROM `...', Array, false)
#2 D:\xampp\htdocs\app_resto_putrich\system\Model.php(183): CodeIgniter\Database\BaseBuilder->get()
#3 D:\xampp\htdocs\app_resto_putrich\system\BaseModel.php(584): CodeIgniter\Model->doFindAll(0, 0)
#4 D:\xampp\htdocs\app_resto_putrich\app\Controllers\MenuController.php(24): CodeIgniter\BaseModel->findAll()
#5 D:\xampp\htdocs\app_resto_putrich\system\CodeIgniter.php(825): App\Controllers\MenuController->tampil()
#6 D:\xampp\htdocs\app_resto_putrich\system\CodeIgniter.php(412): CodeIgniter\CodeIgniter->runController(Object(App\Controllers\MenuController))
#7 D:\xampp\htdocs\app_resto_putrich\system\CodeIgniter.php(320): CodeIgniter\CodeIgniter->handleRequest(NULL, Object(Config\Cache), false)
#8 D:\xampp\htdocs\app_resto_putrich\public\index.php(37): CodeIgniter\CodeIgniter->run()
#9 D:\xampp\htdocs\app_resto_putrich\system\Commands\Server\rewrite.php(43): require_once('D:\\xampp\\htdocs...')
#10 {main}
ERROR - 2022-02-20 18:34:38 --> Error connecting to the database: No connection could be made because the target machine actively refused it.

CRITICAL - 2022-02-20 18:34:38 --> Unable to connect to the database.
Main connection [MySQLi]: No connection could be made because the target machine actively refused it.

#0 D:\xampp\htdocs\app_resto_putrich\system\Database\BaseConnection.php(577): CodeIgniter\Database\BaseConnection->initialize()
#1 D:\xampp\htdocs\app_resto_putrich\system\Database\BaseBuilder.php(1455): CodeIgniter\Database\BaseConnection->query('SELECT *\nFROM `...', Array, false)
#2 D:\xampp\htdocs\app_resto_putrich\system\Model.php(183): CodeIgniter\Database\BaseBuilder->get()
#3 D:\xampp\htdocs\app_resto_putrich\system\BaseModel.php(584): CodeIgniter\Model->doFindAll(0, 0)
#4 D:\xampp\htdocs\app_resto_putrich\app\Controllers\UserController.php(25): CodeIgniter\BaseModel->findAll()
#5 D:\xampp\htdocs\app_resto_putrich\system\CodeIgniter.php(825): App\Controllers\UserController->tampil()
#6 D:\xampp\htdocs\app_resto_putrich\system\CodeIgniter.php(412): CodeIgniter\CodeIgniter->runController(Object(App\Controllers\UserController))
#7 D:\xampp\htdocs\app_resto_putrich\system\CodeIgniter.php(320): CodeIgniter\CodeIgniter->handleRequest(NULL, Object(Config\Cache), false)
#8 D:\xampp\htdocs\app_resto_putrich\public\index.php(37): CodeIgniter\CodeIgniter->run()
#9 D:\xampp\htdocs\app_resto_putrich\system\Commands\Server\rewrite.php(43): require_once('D:\\xampp\\htdocs...')
#10 {main}
ERROR - 2022-02-20 18:44:35 --> Error connecting to the database: No connection could be made because the target machine actively refused it.

CRITICAL - 2022-02-20 18:44:35 --> Unable to connect to the database.
Main connection [MySQLi]: No connection could be made because the target machine actively refused it.

#0 D:\xampp\htdocs\app_resto_putrich\system\Database\BaseConnection.php(577): CodeIgniter\Database\BaseConnection->initialize()
#1 D:\xampp\htdocs\app_resto_putrich\system\Database\BaseBuilder.php(1455): CodeIgniter\Database\BaseConnection->query('SELECT *\nFROM `...', Array, false)
#2 D:\xampp\htdocs\app_resto_putrich\system\Model.php(183): CodeIgniter\Database\BaseBuilder->get()
#3 D:\xampp\htdocs\app_resto_putrich\system\BaseModel.php(584): CodeIgniter\Model->doFindAll(0, 0)
#4 D:\xampp\htdocs\app_resto_putrich\app\Controllers\MenuController.php(24): CodeIgniter\BaseModel->findAll()
#5 D:\xampp\htdocs\app_resto_putrich\system\CodeIgniter.php(825): App\Controllers\MenuController->tampil()
#6 D:\xampp\htdocs\app_resto_putrich\system\CodeIgniter.php(412): CodeIgniter\CodeIgniter->runController(Object(App\Controllers\MenuController))
#7 D:\xampp\htdocs\app_resto_putrich\system\CodeIgniter.php(320): CodeIgniter\CodeIgniter->handleRequest(NULL, Object(Config\Cache), false)
#8 D:\xampp\htdocs\app_resto_putrich\public\index.php(37): CodeIgniter\CodeIgniter->run()
#9 D:\xampp\htdocs\app_resto_putrich\system\Commands\Server\rewrite.php(43): require_once('D:\\xampp\\htdocs...')
#10 {main}
ERROR - 2022-02-20 18:45:17 --> Error connecting to the database: No connection could be made because the target machine actively refused it.

CRITICAL - 2022-02-20 18:45:17 --> Unable to connect to the database.
Main connection [MySQLi]: No connection could be made because the target machine actively refused it.

#0 D:\xampp\htdocs\app_resto_putrich\system\Database\BaseConnection.php(577): CodeIgniter\Database\BaseConnection->initialize()
#1 D:\xampp\htdocs\app_resto_putrich\system\Database\BaseBuilder.php(1455): CodeIgniter\Database\BaseConnection->query('SELECT *\nFROM `...', Array, false)
#2 D:\xampp\htdocs\app_resto_putrich\system\Model.php(183): CodeIgniter\Database\BaseBuilder->get()
#3 D:\xampp\htdocs\app_resto_putrich\system\BaseModel.php(584): CodeIgniter\Model->doFindAll(0, 0)
#4 D:\xampp\htdocs\app_resto_putrich\app\Controllers\MenuController.php(24): CodeIgniter\BaseModel->findAll()
#5 D:\xampp\htdocs\app_resto_putrich\system\CodeIgniter.php(825): App\Controllers\MenuController->tampil()
#6 D:\xampp\htdocs\app_resto_putrich\system\CodeIgniter.php(412): CodeIgniter\CodeIgniter->runController(Object(App\Controllers\MenuController))
#7 D:\xampp\htdocs\app_resto_putrich\system\CodeIgniter.php(320): CodeIgniter\CodeIgniter->handleRequest(NULL, Object(Config\Cache), false)
#8 D:\xampp\htdocs\app_resto_putrich\public\index.php(37): CodeIgniter\CodeIgniter->run()
#9 D:\xampp\htdocs\app_resto_putrich\system\Commands\Server\rewrite.php(43): require_once('D:\\xampp\\htdocs...')
#10 {main}
ERROR - 2022-02-20 18:45:35 --> Error connecting to the database: No connection could be made because the target machine actively refused it.

CRITICAL - 2022-02-20 18:45:35 --> Unable to connect to the database.
Main connection [MySQLi]: No connection could be made because the target machine actively refused it.

#0 D:\xampp\htdocs\app_resto_putrich\system\Database\BaseConnection.php(577): CodeIgniter\Database\BaseConnection->initialize()
#1 D:\xampp\htdocs\app_resto_putrich\system\Database\BaseBuilder.php(1455): CodeIgniter\Database\BaseConnection->query('SELECT *\nFROM `...', Array, false)
#2 D:\xampp\htdocs\app_resto_putrich\system\Model.php(183): CodeIgniter\Database\BaseBuilder->get()
#3 D:\xampp\htdocs\app_resto_putrich\system\BaseModel.php(584): CodeIgniter\Model->doFindAll(0, 0)
#4 D:\xampp\htdocs\app_resto_putrich\app\Controllers\MenuController.php(24): CodeIgniter\BaseModel->findAll()
#5 D:\xampp\htdocs\app_resto_putrich\system\CodeIgniter.php(825): App\Controllers\MenuController->tampil()
#6 D:\xampp\htdocs\app_resto_putrich\system\CodeIgniter.php(412): CodeIgniter\CodeIgniter->runController(Object(App\Controllers\MenuController))
#7 D:\xampp\htdocs\app_resto_putrich\system\CodeIgniter.php(320): CodeIgniter\CodeIgniter->handleRequest(NULL, Object(Config\Cache), false)
#8 D:\xampp\htdocs\app_resto_putrich\public\index.php(37): CodeIgniter\CodeIgniter->run()
#9 D:\xampp\htdocs\app_resto_putrich\system\Commands\Server\rewrite.php(43): require_once('D:\\xampp\\htdocs...')
#10 {main}
ERROR - 2022-02-20 18:48:27 --> Error connecting to the database: No connection could be made because the target machine actively refused it.

CRITICAL - 2022-02-20 18:48:27 --> Unable to connect to the database.
Main connection [MySQLi]: No connection could be made because the target machine actively refused it.

#0 D:\xampp\htdocs\app_resto_putrich\system\Database\BaseConnection.php(577): CodeIgniter\Database\BaseConnection->initialize()
#1 D:\xampp\htdocs\app_resto_putrich\system\Database\BaseBuilder.php(1455): CodeIgniter\Database\BaseConnection->query('SELECT *\nFROM `...', Array, false)
#2 D:\xampp\htdocs\app_resto_putrich\system\Model.php(183): CodeIgniter\Database\BaseBuilder->get()
#3 D:\xampp\htdocs\app_resto_putrich\system\BaseModel.php(584): CodeIgniter\Model->doFindAll(0, 0)
#4 D:\xampp\htdocs\app_resto_putrich\app\Controllers\MenuController.php(24): CodeIgniter\BaseModel->findAll()
#5 D:\xampp\htdocs\app_resto_putrich\system\CodeIgniter.php(825): App\Controllers\MenuController->tampil()
#6 D:\xampp\htdocs\app_resto_putrich\system\CodeIgniter.php(412): CodeIgniter\CodeIgniter->runController(Object(App\Controllers\MenuController))
#7 D:\xampp\htdocs\app_resto_putrich\system\CodeIgniter.php(320): CodeIgniter\CodeIgniter->handleRequest(NULL, Object(Config\Cache), false)
#8 D:\xampp\htdocs\app_resto_putrich\public\index.php(37): CodeIgniter\CodeIgniter->run()
#9 D:\xampp\htdocs\app_resto_putrich\system\Commands\Server\rewrite.php(43): require_once('D:\\xampp\\htdocs...')
#10 {main}
ERROR - 2022-02-20 18:52:57 --> Error connecting to the database: No connection could be made because the target machine actively refused it.

CRITICAL - 2022-02-20 18:52:57 --> Unable to connect to the database.
Main connection [MySQLi]: No connection could be made because the target machine actively refused it.

#0 D:\xampp\htdocs\app_resto_putrich\system\Database\BaseConnection.php(577): CodeIgniter\Database\BaseConnection->initialize()
#1 D:\xampp\htdocs\app_resto_putrich\system\Database\BaseBuilder.php(1455): CodeIgniter\Database\BaseConnection->query('SELECT `id`, `n...', Array, false)
#2 D:\xampp\htdocs\app_resto_putrich\system\Model.php(183): CodeIgniter\Database\BaseBuilder->get()
#3 D:\xampp\htdocs\app_resto_putrich\system\BaseModel.php(584): CodeIgniter\Model->doFindAll(0, 0)
#4 D:\xampp\htdocs\app_resto_putrich\app\Controllers\PesanController.php(31): CodeIgniter\BaseModel->findAll()
#5 D:\xampp\htdocs\app_resto_putrich\system\CodeIgniter.php(825): App\Controllers\PesanController->index()
#6 D:\xampp\htdocs\app_resto_putrich\system\CodeIgniter.php(412): CodeIgniter\CodeIgniter->runController(Object(App\Controllers\PesanController))
#7 D:\xampp\htdocs\app_resto_putrich\system\CodeIgniter.php(320): CodeIgniter\CodeIgniter->handleRequest(NULL, Object(Config\Cache), false)
#8 D:\xampp\htdocs\app_resto_putrich\public\index.php(37): CodeIgniter\CodeIgniter->run()
#9 D:\xampp\htdocs\app_resto_putrich\system\Commands\Server\rewrite.php(43): require_once('D:\\xampp\\htdocs...')
#10 {main}
ERROR - 2022-02-20 18:54:50 --> Error connecting to the database: No connection could be made because the target machine actively refused it.

CRITICAL - 2022-02-20 18:54:50 --> Unable to connect to the database.
Main connection [MySQLi]: No connection could be made because the target machine actively refused it.

#0 D:\xampp\htdocs\app_resto_putrich\system\Database\BaseConnection.php(577): CodeIgniter\Database\BaseConnection->initialize()
#1 D:\xampp\htdocs\app_resto_putrich\system\Database\BaseBuilder.php(1455): CodeIgniter\Database\BaseConnection->query('SELECT *\nFROM `...', Array, false)
#2 D:\xampp\htdocs\app_resto_putrich\system\Model.php(183): CodeIgniter\Database\BaseBuilder->get()
#3 D:\xampp\htdocs\app_resto_putrich\system\BaseModel.php(584): CodeIgniter\Model->doFindAll(0, 0)
#4 D:\xampp\htdocs\app_resto_putrich\app\Controllers\MenuController.php(24): CodeIgniter\BaseModel->findAll()
#5 D:\xampp\htdocs\app_resto_putrich\system\CodeIgniter.php(825): App\Controllers\MenuController->tampil()
#6 D:\xampp\htdocs\app_resto_putrich\system\CodeIgniter.php(412): CodeIgniter\CodeIgniter->runController(Object(App\Controllers\MenuController))
#7 D:\xampp\htdocs\app_resto_putrich\system\CodeIgniter.php(320): CodeIgniter\CodeIgniter->handleRequest(NULL, Object(Config\Cache), false)
#8 D:\xampp\htdocs\app_resto_putrich\public\index.php(37): CodeIgniter\CodeIgniter->run()
#9 D:\xampp\htdocs\app_resto_putrich\system\Commands\Server\rewrite.php(43): require_once('D:\\xampp\\htdocs...')
#10 {main}
CRITICAL - 2022-02-20 19:07:34 --> Function name must be a string
#0 D:\xampp\htdocs\app_resto_putrich\system\CodeIgniter.php(825): App\Controllers\UserController->login()
#1 D:\xampp\htdocs\app_resto_putrich\system\CodeIgniter.php(412): CodeIgniter\CodeIgniter->runController(Object(App\Controllers\UserController))
#2 D:\xampp\htdocs\app_resto_putrich\system\CodeIgniter.php(320): CodeIgniter\CodeIgniter->handleRequest(NULL, Object(Config\Cache), false)
#3 D:\xampp\htdocs\app_resto_putrich\public\index.php(37): CodeIgniter\CodeIgniter->run()
#4 D:\xampp\htdocs\app_resto_putrich\system\Commands\Server\rewrite.php(43): require_once('D:\\xampp\\htdocs...')
#5 {main}
