CRITICAL - 2022-02-15 18:41:43 --> Trying to access array offset on value of type null
#0 D:\xampp\htdocs\app_resto_putrich\app\Controllers\PesanController.php(52): CodeIgniter\Debug\Exceptions->errorHandler(8, 'Trying to acces...', 'D:\\xampp\\htdocs...', 52, Array)
#1 D:\xampp\htdocs\app_resto_putrich\system\CodeIgniter.php(825): App\Controllers\PesanController->addCart()
#2 D:\xampp\htdocs\app_resto_putrich\system\CodeIgniter.php(412): CodeIgniter\CodeIgniter->runController(Object(App\Controllers\PesanController))
#3 D:\xampp\htdocs\app_resto_putrich\system\CodeIgniter.php(320): CodeIgniter\CodeIgniter->handleRequest(NULL, Object(Config\Cache), false)
#4 D:\xampp\htdocs\app_resto_putrich\public\index.php(37): CodeIgniter\CodeIgniter->run()
#5 D:\xampp\htdocs\app_resto_putrich\system\Commands\Server\rewrite.php(43): require_once('D:\\xampp\\htdocs...')
#6 {main}
CRITICAL - 2022-02-15 18:44:02 --> Trying to access array offset on value of type null
#0 D:\xampp\htdocs\app_resto_putrich\app\Controllers\PesanController.php(52): CodeIgniter\Debug\Exceptions->errorHandler(8, 'Trying to acces...', 'D:\\xampp\\htdocs...', 52, Array)
#1 D:\xampp\htdocs\app_resto_putrich\system\CodeIgniter.php(825): App\Controllers\PesanController->addCart()
#2 D:\xampp\htdocs\app_resto_putrich\system\CodeIgniter.php(412): CodeIgniter\CodeIgniter->runController(Object(App\Controllers\PesanController))
#3 D:\xampp\htdocs\app_resto_putrich\system\CodeIgniter.php(320): CodeIgniter\CodeIgniter->handleRequest(NULL, Object(Config\Cache), false)
#4 D:\xampp\htdocs\app_resto_putrich\public\index.php(37): CodeIgniter\CodeIgniter->run()
#5 D:\xampp\htdocs\app_resto_putrich\system\Commands\Server\rewrite.php(43): require_once('D:\\xampp\\htdocs...')
#6 {main}
CRITICAL - 2022-02-15 19:12:45 --> Undefined property: App\Controllers\PesanController::$detailpesan
#0 D:\xampp\htdocs\app_resto_putrich\app\Controllers\PesanController.php(114): CodeIgniter\Debug\Exceptions->errorHandler(8, 'Undefined prope...', 'D:\\xampp\\htdocs...', 114, Array)
#1 D:\xampp\htdocs\app_resto_putrich\system\CodeIgniter.php(825): App\Controllers\PesanController->simpan()
#2 D:\xampp\htdocs\app_resto_putrich\system\CodeIgniter.php(412): CodeIgniter\CodeIgniter->runController(Object(App\Controllers\PesanController))
#3 D:\xampp\htdocs\app_resto_putrich\system\CodeIgniter.php(320): CodeIgniter\CodeIgniter->handleRequest(NULL, Object(Config\Cache), false)
#4 D:\xampp\htdocs\app_resto_putrich\public\index.php(37): CodeIgniter\CodeIgniter->run()
#5 D:\xampp\htdocs\app_resto_putrich\system\Commands\Server\rewrite.php(43): require_once('D:\\xampp\\htdocs...')
#6 {main}
CRITICAL - 2022-02-15 19:20:36 --> Undefined property: App\Controllers\PesanController::$detailpesan
#0 D:\xampp\htdocs\app_resto_putrich\app\Controllers\PesanController.php(114): CodeIgniter\Debug\Exceptions->errorHandler(8, 'Undefined prope...', 'D:\\xampp\\htdocs...', 114, Array)
#1 D:\xampp\htdocs\app_resto_putrich\system\CodeIgniter.php(825): App\Controllers\PesanController->simpan()
#2 D:\xampp\htdocs\app_resto_putrich\system\CodeIgniter.php(412): CodeIgniter\CodeIgniter->runController(Object(App\Controllers\PesanController))
#3 D:\xampp\htdocs\app_resto_putrich\system\CodeIgniter.php(320): CodeIgniter\CodeIgniter->handleRequest(NULL, Object(Config\Cache), false)
#4 D:\xampp\htdocs\app_resto_putrich\public\index.php(37): CodeIgniter\CodeIgniter->run()
#5 D:\xampp\htdocs\app_resto_putrich\system\Commands\Server\rewrite.php(43): require_once('D:\\xampp\\htdocs...')
#6 {main}
CRITICAL - 2022-02-15 19:22:19 --> Undefined property: App\Controllers\PesanController::$detailpesan
#0 D:\xampp\htdocs\app_resto_putrich\app\Controllers\PesanController.php(114): CodeIgniter\Debug\Exceptions->errorHandler(8, 'Undefined prope...', 'D:\\xampp\\htdocs...', 114, Array)
#1 D:\xampp\htdocs\app_resto_putrich\system\CodeIgniter.php(825): App\Controllers\PesanController->simpan()
#2 D:\xampp\htdocs\app_resto_putrich\system\CodeIgniter.php(412): CodeIgniter\CodeIgniter->runController(Object(App\Controllers\PesanController))
#3 D:\xampp\htdocs\app_resto_putrich\system\CodeIgniter.php(320): CodeIgniter\CodeIgniter->handleRequest(NULL, Object(Config\Cache), false)
#4 D:\xampp\htdocs\app_resto_putrich\public\index.php(37): CodeIgniter\CodeIgniter->run()
#5 D:\xampp\htdocs\app_resto_putrich\system\Commands\Server\rewrite.php(43): require_once('D:\\xampp\\htdocs...')
#6 {main}
CRITICAL - 2022-02-15 19:23:00 --> Class 'App\Controllers\DetailPesanModel' not found
#0 D:\xampp\htdocs\app_resto_putrich\system\CodeIgniter.php(802): App\Controllers\PesanController->__construct()
#1 D:\xampp\htdocs\app_resto_putrich\system\CodeIgniter.php(403): CodeIgniter\CodeIgniter->createController()
#2 D:\xampp\htdocs\app_resto_putrich\system\CodeIgniter.php(320): CodeIgniter\CodeIgniter->handleRequest(NULL, Object(Config\Cache), false)
#3 D:\xampp\htdocs\app_resto_putrich\public\index.php(37): CodeIgniter\CodeIgniter->run()
#4 D:\xampp\htdocs\app_resto_putrich\system\Commands\Server\rewrite.php(43): require_once('D:\\xampp\\htdocs...')
#5 {main}
CRITICAL - 2022-02-15 19:24:42 --> Class 'App\Mode\DetailPesanModel' not found
#0 D:\xampp\htdocs\app_resto_putrich\system\CodeIgniter.php(802): App\Controllers\PesanController->__construct()
#1 D:\xampp\htdocs\app_resto_putrich\system\CodeIgniter.php(403): CodeIgniter\CodeIgniter->createController()
#2 D:\xampp\htdocs\app_resto_putrich\system\CodeIgniter.php(320): CodeIgniter\CodeIgniter->handleRequest(NULL, Object(Config\Cache), false)
#3 D:\xampp\htdocs\app_resto_putrich\public\index.php(37): CodeIgniter\CodeIgniter->run()
#4 D:\xampp\htdocs\app_resto_putrich\system\Commands\Server\rewrite.php(43): require_once('D:\\xampp\\htdocs...')
#5 {main}
CRITICAL - 2022-02-15 19:26:11 --> Class 'App\Mode\DetailPesanModel' not found
#0 D:\xampp\htdocs\app_resto_putrich\system\CodeIgniter.php(802): App\Controllers\PesanController->__construct()
#1 D:\xampp\htdocs\app_resto_putrich\system\CodeIgniter.php(403): CodeIgniter\CodeIgniter->createController()
#2 D:\xampp\htdocs\app_resto_putrich\system\CodeIgniter.php(320): CodeIgniter\CodeIgniter->handleRequest(NULL, Object(Config\Cache), false)
#3 D:\xampp\htdocs\app_resto_putrich\public\index.php(37): CodeIgniter\CodeIgniter->run()
#4 D:\xampp\htdocs\app_resto_putrich\system\Commands\Server\rewrite.php(43): require_once('D:\\xampp\\htdocs...')
#5 {main}
CRITICAL - 2022-02-15 19:27:35 --> Class 'App\Mode\DetailPesanModel' not found
#0 D:\xampp\htdocs\app_resto_putrich\system\CodeIgniter.php(802): App\Controllers\PesanController->__construct()
#1 D:\xampp\htdocs\app_resto_putrich\system\CodeIgniter.php(403): CodeIgniter\CodeIgniter->createController()
#2 D:\xampp\htdocs\app_resto_putrich\system\CodeIgniter.php(320): CodeIgniter\CodeIgniter->handleRequest(NULL, Object(Config\Cache), false)
#3 D:\xampp\htdocs\app_resto_putrich\public\index.php(37): CodeIgniter\CodeIgniter->run()
#4 D:\xampp\htdocs\app_resto_putrich\system\Commands\Server\rewrite.php(43): require_once('D:\\xampp\\htdocs...')
#5 {main}
CRITICAL - 2022-02-15 19:27:37 --> Class 'App\Mode\DetailPesanModel' not found
#0 D:\xampp\htdocs\app_resto_putrich\system\CodeIgniter.php(802): App\Controllers\PesanController->__construct()
#1 D:\xampp\htdocs\app_resto_putrich\system\CodeIgniter.php(403): CodeIgniter\CodeIgniter->createController()
#2 D:\xampp\htdocs\app_resto_putrich\system\CodeIgniter.php(320): CodeIgniter\CodeIgniter->handleRequest(NULL, Object(Config\Cache), false)
#3 D:\xampp\htdocs\app_resto_putrich\public\index.php(37): CodeIgniter\CodeIgniter->run()
#4 D:\xampp\htdocs\app_resto_putrich\system\Commands\Server\rewrite.php(43): require_once('D:\\xampp\\htdocs...')
#5 {main}
CRITICAL - 2022-02-15 19:28:25 --> Class 'App\Mode\DetailPesanModel' not found
#0 D:\xampp\htdocs\app_resto_putrich\system\CodeIgniter.php(802): App\Controllers\PesanController->__construct()
#1 D:\xampp\htdocs\app_resto_putrich\system\CodeIgniter.php(403): CodeIgniter\CodeIgniter->createController()
#2 D:\xampp\htdocs\app_resto_putrich\system\CodeIgniter.php(320): CodeIgniter\CodeIgniter->handleRequest(NULL, Object(Config\Cache), false)
#3 D:\xampp\htdocs\app_resto_putrich\public\index.php(37): CodeIgniter\CodeIgniter->run()
#4 D:\xampp\htdocs\app_resto_putrich\system\Commands\Server\rewrite.php(43): require_once('D:\\xampp\\htdocs...')
#5 {main}
CRITICAL - 2022-02-15 19:30:29 --> Class 'App\Mode\DetailPesanModel' not found
#0 D:\xampp\htdocs\app_resto_putrich\system\CodeIgniter.php(802): App\Controllers\PesanController->__construct()
#1 D:\xampp\htdocs\app_resto_putrich\system\CodeIgniter.php(403): CodeIgniter\CodeIgniter->createController()
#2 D:\xampp\htdocs\app_resto_putrich\system\CodeIgniter.php(320): CodeIgniter\CodeIgniter->handleRequest(NULL, Object(Config\Cache), false)
#3 D:\xampp\htdocs\app_resto_putrich\public\index.php(37): CodeIgniter\CodeIgniter->run()
#4 D:\xampp\htdocs\app_resto_putrich\system\Commands\Server\rewrite.php(43): require_once('D:\\xampp\\htdocs...')
#5 {main}
CRITICAL - 2022-02-15 19:33:07 --> Undefined property: App\Controllers\PesanController::$detailpesan
#0 D:\xampp\htdocs\app_resto_putrich\app\Controllers\PesanController.php(114): CodeIgniter\Debug\Exceptions->errorHandler(8, 'Undefined prope...', 'D:\\xampp\\htdocs...', 114, Array)
#1 D:\xampp\htdocs\app_resto_putrich\system\CodeIgniter.php(825): App\Controllers\PesanController->simpan()
#2 D:\xampp\htdocs\app_resto_putrich\system\CodeIgniter.php(412): CodeIgniter\CodeIgniter->runController(Object(App\Controllers\PesanController))
#3 D:\xampp\htdocs\app_resto_putrich\system\CodeIgniter.php(320): CodeIgniter\CodeIgniter->handleRequest(NULL, Object(Config\Cache), false)
#4 D:\xampp\htdocs\app_resto_putrich\public\index.php(37): CodeIgniter\CodeIgniter->run()
#5 D:\xampp\htdocs\app_resto_putrich\system\Commands\Server\rewrite.php(43): require_once('D:\\xampp\\htdocs...')
#6 {main}
CRITICAL - 2022-02-15 19:35:20 --> Undefined property: App\Controllers\PesanController::$tb_detailpesan
#0 D:\xampp\htdocs\app_resto_putrich\app\Controllers\PesanController.php(114): CodeIgniter\Debug\Exceptions->errorHandler(8, 'Undefined prope...', 'D:\\xampp\\htdocs...', 114, Array)
#1 D:\xampp\htdocs\app_resto_putrich\system\CodeIgniter.php(825): App\Controllers\PesanController->simpan()
#2 D:\xampp\htdocs\app_resto_putrich\system\CodeIgniter.php(412): CodeIgniter\CodeIgniter->runController(Object(App\Controllers\PesanController))
#3 D:\xampp\htdocs\app_resto_putrich\system\CodeIgniter.php(320): CodeIgniter\CodeIgniter->handleRequest(NULL, Object(Config\Cache), false)
#4 D:\xampp\htdocs\app_resto_putrich\public\index.php(37): CodeIgniter\CodeIgniter->run()
#5 D:\xampp\htdocs\app_resto_putrich\system\Commands\Server\rewrite.php(43): require_once('D:\\xampp\\htdocs...')
#6 {main}
CRITICAL - 2022-02-15 19:37:42 --> Class 'App\Mode\DetailPesanModel' not found
#0 D:\xampp\htdocs\app_resto_putrich\system\CodeIgniter.php(802): App\Controllers\PesanController->__construct()
#1 D:\xampp\htdocs\app_resto_putrich\system\CodeIgniter.php(403): CodeIgniter\CodeIgniter->createController()
#2 D:\xampp\htdocs\app_resto_putrich\system\CodeIgniter.php(320): CodeIgniter\CodeIgniter->handleRequest(NULL, Object(Config\Cache), false)
#3 D:\xampp\htdocs\app_resto_putrich\public\index.php(37): CodeIgniter\CodeIgniter->run()
#4 D:\xampp\htdocs\app_resto_putrich\system\Commands\Server\rewrite.php(43): require_once('D:\\xampp\\htdocs...')
#5 {main}
